<?xml version="1.0" encoding="UTF-8"?>
<testng-results ignored="0" total="1" passed="1" failed="0" skipped="0">
  <reporter-output>
  </reporter-output>
  <suite started-at="2023-11-04T23:01:22 IST" name="Surefire suite" finished-at="2023-11-04T23:01:27 IST" duration-ms="4864">
    <groups>
    </groups>
    <test started-at="2023-11-04T23:01:22 IST" name="Surefire test" finished-at="2023-11-04T23:01:27 IST" duration-ms="4864">
      <class name="com.test.TestApplicationTitle">
        <test-method signature="validateTitle()[pri:0, instance:com.test.TestApplicationTitle@399c4be1]" started-at="2023-11-04T23:01:23 IST" name="validateTitle" finished-at="2023-11-04T23:01:27 IST" duration-ms="4849" status="PASS">
          <reporter-output>
          </reporter-output>
        </test-method> <!-- validateTitle -->
      </class> <!-- com.test.TestApplicationTitle -->
    </test> <!-- Surefire test -->
  </suite> <!-- Surefire suite -->
</testng-results>
