<?xml version="1.0" encoding="UTF-8"?>
<testng-results ignored="0" total="1" passed="1" failed="0" skipped="0">
  <reporter-output>
  </reporter-output>
  <suite started-at="2023-11-04T22:35:24 IST" name="Default suite" finished-at="2023-11-04T22:35:32 IST" duration-ms="7989">
    <groups>
    </groups>
    <test started-at="2023-11-04T22:35:24 IST" name="Default test" finished-at="2023-11-04T22:35:32 IST" duration-ms="7989">
      <class name="com.test.TestApplicationTitle">
        <test-method signature="validateTitle()[pri:0, instance:com.test.TestApplicationTitle@d5b810e]" started-at="2023-11-04T22:35:24 IST" name="validateTitle" finished-at="2023-11-04T22:35:32 IST" duration-ms="7954" status="PASS">
          <reporter-output>
          </reporter-output>
        </test-method> <!-- validateTitle -->
      </class> <!-- com.test.TestApplicationTitle -->
    </test> <!-- Default test -->
  </suite> <!-- Default suite -->
</testng-results>
