<?xml version="1.0" encoding="UTF-8"?>
<testng-results ignored="0" total="1" passed="1" failed="0" skipped="0">
  <reporter-output>
  </reporter-output>
  <suite started-at="2023-11-04T23:00:38 IST" name="Suite" finished-at="2023-11-04T23:00:46 IST" duration-ms="8270">
    <groups>
    </groups>
    <test started-at="2023-11-04T23:00:38 IST" name="Test" finished-at="2023-11-04T23:00:46 IST" duration-ms="8270">
      <class name="com.test.TestApplicationTitle">
        <test-method signature="validateTitle()[pri:0, instance:com.test.TestApplicationTitle@4f2b503c]" started-at="2023-11-04T23:00:38 IST" name="validateTitle" finished-at="2023-11-04T23:00:46 IST" duration-ms="8232" status="PASS">
          <reporter-output>
          </reporter-output>
        </test-method> <!-- validateTitle -->
      </class> <!-- com.test.TestApplicationTitle -->
    </test> <!-- Test -->
  </suite> <!-- Suite -->
</testng-results>
